nohup: ignoring input
2025-11-15 20:10:15,830 - __main__ - INFO - Configuration loaded successfully
2025-11-15 20:10:18,206 - db - INFO - Database indexes created successfully
2025-11-15 20:10:18,206 - db - INFO - Database initialized successfully
2025-11-15 20:10:18,206 - __main__ - INFO - Database connection established
2025-11-15 20:10:18,228 - apscheduler.scheduler - INFO - Adding job tentatively -- it will be properly scheduled when the scheduler starts
2025-11-15 20:10:18,228 - __main__ - INFO - Starting CollaLearn bot...
2025-11-15 20:10:18,276 - httpx - INFO - HTTP Request: POST https://api.telegram.org/bot7883127668:AAE8xY8dvBtL0lKj8o07x8Q3TMkebnNh4E0/getMe "HTTP/1.1 200 OK"
2025-11-15 20:10:18,292 - httpx - INFO - HTTP Request: POST https://api.telegram.org/bot7883127668:AAE8xY8dvBtL0lKj8o07x8Q3TMkebnNh4E0/deleteWebhook "HTTP/1.1 200 OK"
2025-11-15 20:10:18,294 - apscheduler.scheduler - INFO - Added job "cleanup_expired_sessions" to job store "default"
2025-11-15 20:10:18,295 - apscheduler.scheduler - INFO - Scheduler started
2025-11-15 20:10:18,295 - telegram.ext.Application - INFO - Application started
2025-11-15 20:10:18,364 - httpx - INFO - HTTP Request: POST https://api.telegram.org/bot7883127668:AAE8xY8dvBtL0lKj8o07x8Q3TMkebnNh4E0/getUpdates "HTTP/1.1 200 OK"
2025-11-15 20:10:21,712 - httpx - INFO - HTTP Request: POST https://api.telegram.org/bot7883127668:AAE8xY8dvBtL0lKj8o07x8Q3TMkebnNh4E0/getUpdates "HTTP/1.1 200 OK"
2025-11-15 20:10:22,139 - httpx - INFO - HTTP Request: POST https://api.telegram.org/bot7883127668:AAE8xY8dvBtL0lKj8o07x8Q3TMkebnNh4E0/answerCallbackQuery "HTTP/1.1 200 OK"
2025-11-15 20:10:28,230 - apscheduler.executors.default - INFO - Running job "cleanup_expired_sessions (trigger: interval[0:30:00], next run at: 2025-11-15 19:40:28 UTC)" (scheduled at 2025-11-15 19:10:28.227360+00:00)
2025-11-15 20:10:28,357 - apscheduler.executors.default - INFO - Job "cleanup_expired_sessions (trigger: interval[0:30:00], next run at: 2025-11-15 19:40:28 UTC)" executed successfully
2025-11-15 20:10:31,861 - httpx - INFO - HTTP Request: POST https://api.telegram.org/bot7883127668:AAE8xY8dvBtL0lKj8o07x8Q3TMkebnNh4E0/getUpdates "HTTP/1.1 200 OK"
2025-11-15 20:10:41,888 - httpx - INFO - HTTP Request: POST https://api.telegram.org/bot7883127668:AAE8xY8dvBtL0lKj8o07x8Q3TMkebnNh4E0/getUpdates "HTTP/1.1 200 OK"
2025-11-15 20:10:44,622 - httpx - INFO - HTTP Request: POST https://api.telegram.org/bot7883127668:AAE8xY8dvBtL0lKj8o07x8Q3TMkebnNh4E0/getUpdates "HTTP/1.1 200 OK"
2025-11-15 20:10:45,405 - httpx - INFO - HTTP Request: POST https://api.telegram.org/bot7883127668:AAE8xY8dvBtL0lKj8o07x8Q3TMkebnNh4E0/sendMessage "HTTP/1.1 200 OK"
2025-11-15 20:10:45,406 - handlers.search_handlers - INFO - Search 'pdf' by user 7722829144 in group -1001533804006: 2 results
2025-11-15 20:10:46,654 - httpx - INFO - HTTP Request: POST https://api.telegram.org/bot7883127668:AAE8xY8dvBtL0lKj8o07x8Q3TMkebnNh4E0/getUpdates "HTTP/1.1 200 OK"
2025-11-15 20:10:47,236 - httpx - INFO - HTTP Request: POST https://api.telegram.org/bot7883127668:AAE8xY8dvBtL0lKj8o07x8Q3TMkebnNh4E0/answerCallbackQuery "HTTP/1.1 200 OK"
2025-11-15 20:10:47,588 - httpx - INFO - HTTP Request: POST https://api.telegram.org/bot7883127668:AAE8xY8dvBtL0lKj8o07x8Q3TMkebnNh4E0/sendDocument "HTTP/1.1 200 OK"
2025-11-15 20:10:47,589 - handlers.search_handlers - INFO - File DBMS 2024 FULL .pdf sent to user 7722829144 in group -1001533804006
2025-11-15 20:10:56,948 - httpx - INFO - HTTP Request: POST https://api.telegram.org/bot7883127668:AAE8xY8dvBtL0lKj8o07x8Q3TMkebnNh4E0/getUpdates "HTTP/1.1 200 OK"
2025-11-15 20:10:58,198 - httpx - INFO - HTTP Request: POST https://api.telegram.org/bot7883127668:AAE8xY8dvBtL0lKj8o07x8Q3TMkebnNh4E0/getUpdates "HTTP/1.1 200 OK"
2025-11-15 20:10:58,587 - httpx - INFO - HTTP Request: POST https://api.telegram.org/bot7883127668:AAE8xY8dvBtL0lKj8o07x8Q3TMkebnNh4E0/sendMessage "HTTP/1.1 200 OK"
2025-11-15 20:11:08,224 - httpx - INFO - HTTP Request: POST https://api.telegram.org/bot7883127668:AAE8xY8dvBtL0lKj8o07x8Q3TMkebnNh4E0/getUpdates "HTTP/1.1 200 OK"
2025-11-15 20:11:18,249 - httpx - INFO - HTTP Request: POST https://api.telegram.org/bot7883127668:AAE8xY8dvBtL0lKj8o07x8Q3TMkebnNh4E0/getUpdates "HTTP/1.1 200 OK"
2025-11-15 20:11:20,528 - httpx - INFO - HTTP Request: POST https://api.telegram.org/bot7883127668:AAE8xY8dvBtL0lKj8o07x8Q3TMkebnNh4E0/getUpdates "HTTP/1.1 200 OK"
2025-11-15 20:11:21,041 - httpx - INFO - HTTP Request: POST https://api.telegram.org/bot7883127668:AAE8xY8dvBtL0lKj8o07x8Q3TMkebnNh4E0/sendMessage "HTTP/1.1 200 OK"
2025-11-15 20:11:30,676 - httpx - INFO - HTTP Request: POST https://api.telegram.org/bot7883127668:AAE8xY8dvBtL0lKj8o07x8Q3TMkebnNh4E0/getUpdates "HTTP/1.1 200 OK"
2025-11-15 20:11:40,701 - httpx - INFO - HTTP Request: POST https://api.telegram.org/bot7883127668:AAE8xY8dvBtL0lKj8o07x8Q3TMkebnNh4E0/getUpdates "HTTP/1.1 200 OK"
2025-11-15 20:11:50,727 - httpx - INFO - HTTP Request: POST https://api.telegram.org/bot7883127668:AAE8xY8dvBtL0lKj8o07x8Q3TMkebnNh4E0/getUpdates "HTTP/1.1 200 OK"
2025-11-15 20:12:00,751 - httpx - INFO - HTTP Request: POST https://api.telegram.org/bot7883127668:AAE8xY8dvBtL0lKj8o07x8Q3TMkebnNh4E0/getUpdates "HTTP/1.1 200 OK"
2025-11-15 20:12:10,775 - httpx - INFO - HTTP Request: POST https://api.telegram.org/bot7883127668:AAE8xY8dvBtL0lKj8o07x8Q3TMkebnNh4E0/getUpdates "HTTP/1.1 200 OK"
2025-11-15 20:12:19,212 - httpx - INFO - HTTP Request: POST https://api.telegram.org/bot7883127668:AAE8xY8dvBtL0lKj8o07x8Q3TMkebnNh4E0/getUpdates "HTTP/1.1 200 OK"
2025-11-15 20:12:19,826 - httpx - INFO - HTTP Request: POST https://api.telegram.org/bot7883127668:AAE8xY8dvBtL0lKj8o07x8Q3TMkebnNh4E0/sendMessage "HTTP/1.1 200 OK"
2025-11-15 20:12:19,828 - handlers.file_handlers - INFO - Tags updated for file in group -1001533804006 by user 1778070005
2025-11-15 20:12:29,492 - httpx - INFO - HTTP Request: POST https://api.telegram.org/bot7883127668:AAE8xY8dvBtL0lKj8o07x8Q3TMkebnNh4E0/getUpdates "HTTP/1.1 200 OK"
2025-11-15 20:12:35,301 - httpx - INFO - HTTP Request: POST https://api.telegram.org/bot7883127668:AAE8xY8dvBtL0lKj8o07x8Q3TMkebnNh4E0/getUpdates "HTTP/1.1 200 OK"
2025-11-15 20:12:35,775 - httpx - INFO - HTTP Request: POST https://api.telegram.org/bot7883127668:AAE8xY8dvBtL0lKj8o07x8Q3TMkebnNh4E0/sendMessage "HTTP/1.1 200 OK"
2025-11-15 20:12:45,445 - httpx - INFO - HTTP Request: POST https://api.telegram.org/bot7883127668:AAE8xY8dvBtL0lKj8o07x8Q3TMkebnNh4E0/getUpdates "HTTP/1.1 200 OK"
2025-11-15 20:12:51,342 - httpx - INFO - HTTP Request: POST https://api.telegram.org/bot7883127668:AAE8xY8dvBtL0lKj8o07x8Q3TMkebnNh4E0/getUpdates "HTTP/1.1 200 OK"
2025-11-15 20:12:52,021 - httpx - INFO - HTTP Request: POST https://api.telegram.org/bot7883127668:AAE8xY8dvBtL0lKj8o07x8Q3TMkebnNh4E0/sendMessage "HTTP/1.1 200 OK"
2025-11-15 20:12:52,022 - handlers.search_handlers - INFO - Search 'D' by user 1778070005 in group -1001533804006: 5 results
2025-11-15 20:13:01,733 - httpx - INFO - HTTP Request: POST https://api.telegram.org/bot7883127668:AAE8xY8dvBtL0lKj8o07x8Q3TMkebnNh4E0/getUpdates "HTTP/1.1 200 OK"
2025-11-15 20:13:03,875 - httpx - INFO - HTTP Request: POST https://api.telegram.org/bot7883127668:AAE8xY8dvBtL0lKj8o07x8Q3TMkebnNh4E0/getUpdates "HTTP/1.1 200 OK"
2025-11-15 20:13:04,416 - httpx - INFO - HTTP Request: POST https://api.telegram.org/bot7883127668:AAE8xY8dvBtL0lKj8o07x8Q3TMkebnNh4E0/answerCallbackQuery "HTTP/1.1 200 OK"
2025-11-15 20:13:04,719 - httpx - INFO - HTTP Request: POST https://api.telegram.org/bot7883127668:AAE8xY8dvBtL0lKj8o07x8Q3TMkebnNh4E0/sendDocument "HTTP/1.1 200 OK"
2025-11-15 20:13:04,720 - handlers.search_handlers - INFO - File DBMS 2024 FULL .pdf sent to user 1778070005 in group -1001533804006
2025-11-15 20:13:14,141 - httpx - INFO - HTTP Request: POST https://api.telegram.org/bot7883127668:AAE8xY8dvBtL0lKj8o07x8Q3TMkebnNh4E0/getUpdates "HTTP/1.1 200 OK"
2025-11-15 20:13:24,166 - httpx - INFO - HTTP Request: POST https://api.telegram.org/bot7883127668:AAE8xY8dvBtL0lKj8o07x8Q3TMkebnNh4E0/getUpdates "HTTP/1.1 200 OK"
2025-11-15 20:13:34,191 - httpx - INFO - HTTP Request: POST https://api.telegram.org/bot7883127668:AAE8xY8dvBtL0lKj8o07x8Q3TMkebnNh4E0/getUpdates "HTTP/1.1 200 OK"
2025-11-15 20:13:44,216 - httpx - INFO - HTTP Request: POST https://api.telegram.org/bot7883127668:AAE8xY8dvBtL0lKj8o07x8Q3TMkebnNh4E0/getUpdates "HTTP/1.1 200 OK"
2025-11-15 20:13:54,242 - httpx - INFO - HTTP Request: POST https://api.telegram.org/bot7883127668:AAE8xY8dvBtL0lKj8o07x8Q3TMkebnNh4E0/getUpdates "HTTP/1.1 200 OK"
2025-11-15 20:14:04,267 - httpx - INFO - HTTP Request: POST https://api.telegram.org/bot7883127668:AAE8xY8dvBtL0lKj8o07x8Q3TMkebnNh4E0/getUpdates "HTTP/1.1 200 OK"
2025-11-15 20:14:14,291 - httpx - INFO - HTTP Request: POST https://api.telegram.org/bot7883127668:AAE8xY8dvBtL0lKj8o07x8Q3TMkebnNh4E0/getUpdates "HTTP/1.1 200 OK"
2025-11-15 20:14:24,317 - httpx - INFO - HTTP Request: POST https://api.telegram.org/bot7883127668:AAE8xY8dvBtL0lKj8o07x8Q3TMkebnNh4E0/getUpdates "HTTP/1.1 200 OK"
2025-11-15 20:14:34,341 - httpx - INFO - HTTP Request: POST https://api.telegram.org/bot7883127668:AAE8xY8dvBtL0lKj8o07x8Q3TMkebnNh4E0/getUpdates "HTTP/1.1 200 OK"
2025-11-15 20:14:44,367 - httpx - INFO - HTTP Request: POST https://api.telegram.org/bot7883127668:AAE8xY8dvBtL0lKj8o07x8Q3TMkebnNh4E0/getUpdates "HTTP/1.1 200 OK"
2025-11-15 20:14:54,392 - httpx - INFO - HTTP Request: POST https://api.telegram.org/bot7883127668:AAE8xY8dvBtL0lKj8o07x8Q3TMkebnNh4E0/getUpdates "HTTP/1.1 200 OK"
2025-11-15 20:15:04,417 - httpx - INFO - HTTP Request: POST https://api.telegram.org/bot7883127668:AAE8xY8dvBtL0lKj8o07x8Q3TMkebnNh4E0/getUpdates "HTTP/1.1 200 OK"
2025-11-15 20:15:14,444 - httpx - INFO - HTTP Request: POST https://api.telegram.org/bot7883127668:AAE8xY8dvBtL0lKj8o07x8Q3TMkebnNh4E0/getUpdates "HTTP/1.1 200 OK"
2025-11-15 20:15:24,471 - httpx - INFO - HTTP Request: POST https://api.telegram.org/bot7883127668:AAE8xY8dvBtL0lKj8o07x8Q3TMkebnNh4E0/getUpdates "HTTP/1.1 200 OK"
2025-11-15 20:15:34,496 - httpx - INFO - HTTP Request: POST https://api.telegram.org/bot7883127668:AAE8xY8dvBtL0lKj8o07x8Q3TMkebnNh4E0/getUpdates "HTTP/1.1 200 OK"
2025-11-15 20:15:44,521 - httpx - INFO - HTTP Request: POST https://api.telegram.org/bot7883127668:AAE8xY8dvBtL0lKj8o07x8Q3TMkebnNh4E0/getUpdates "HTTP/1.1 200 OK"
2025-11-15 20:15:54,545 - httpx - INFO - HTTP Request: POST https://api.telegram.org/bot7883127668:AAE8xY8dvBtL0lKj8o07x8Q3TMkebnNh4E0/getUpdates "HTTP/1.1 200 OK"
2025-11-15 20:16:04,569 - httpx - INFO - HTTP Request: POST https://api.telegram.org/bot7883127668:AAE8xY8dvBtL0lKj8o07x8Q3TMkebnNh4E0/getUpdates "HTTP/1.1 200 OK"
2025-11-15 20:16:14,594 - httpx - INFO - HTTP Request: POST https://api.telegram.org/bot7883127668:AAE8xY8dvBtL0lKj8o07x8Q3TMkebnNh4E0/getUpdates "HTTP/1.1 200 OK"
2025-11-15 20:16:24,618 - httpx - INFO - HTTP Request: POST https://api.telegram.org/bot7883127668:AAE8xY8dvBtL0lKj8o07x8Q3TMkebnNh4E0/getUpdates "HTTP/1.1 200 OK"
2025-11-15 20:16:34,645 - httpx - INFO - HTTP Request: POST https://api.telegram.org/bot7883127668:AAE8xY8dvBtL0lKj8o07x8Q3TMkebnNh4E0/getUpdates "HTTP/1.1 200 OK"
2025-11-15 20:16:44,669 - httpx - INFO - HTTP Request: POST https://api.telegram.org/bot7883127668:AAE8xY8dvBtL0lKj8o07x8Q3TMkebnNh4E0/getUpdates "HTTP/1.1 200 OK"
2025-11-15 20:16:54,693 - httpx - INFO - HTTP Request: POST https://api.telegram.org/bot7883127668:AAE8xY8dvBtL0lKj8o07x8Q3TMkebnNh4E0/getUpdates "HTTP/1.1 200 OK"
2025-11-15 20:17:04,717 - httpx - INFO - HTTP Request: POST https://api.telegram.org/bot7883127668:AAE8xY8dvBtL0lKj8o07x8Q3TMkebnNh4E0/getUpdates "HTTP/1.1 200 OK"
2025-11-15 20:17:14,742 - httpx - INFO - HTTP Request: POST https://api.telegram.org/bot7883127668:AAE8xY8dvBtL0lKj8o07x8Q3TMkebnNh4E0/getUpdates "HTTP/1.1 200 OK"
2025-11-15 20:17:24,771 - httpx - INFO - HTTP Request: POST https://api.telegram.org/bot7883127668:AAE8xY8dvBtL0lKj8o07x8Q3TMkebnNh4E0/getUpdates "HTTP/1.1 200 OK"
2025-11-15 20:17:34,796 - httpx - INFO - HTTP Request: POST https://api.telegram.org/bot7883127668:AAE8xY8dvBtL0lKj8o07x8Q3TMkebnNh4E0/getUpdates "HTTP/1.1 200 OK"
2025-11-15 20:17:44,821 - httpx - INFO - HTTP Request: POST https://api.telegram.org/bot7883127668:AAE8xY8dvBtL0lKj8o07x8Q3TMkebnNh4E0/getUpdates "HTTP/1.1 200 OK"
2025-11-15 20:17:54,847 - httpx - INFO - HTTP Request: POST https://api.telegram.org/bot7883127668:AAE8xY8dvBtL0lKj8o07x8Q3TMkebnNh4E0/getUpdates "HTTP/1.1 200 OK"
2025-11-15 20:18:04,872 - httpx - INFO - HTTP Request: POST https://api.telegram.org/bot7883127668:AAE8xY8dvBtL0lKj8o07x8Q3TMkebnNh4E0/getUpdates "HTTP/1.1 200 OK"
2025-11-15 20:18:14,896 - httpx - INFO - HTTP Request: POST https://api.telegram.org/bot7883127668:AAE8xY8dvBtL0lKj8o07x8Q3TMkebnNh4E0/getUpdates "HTTP/1.1 200 OK"
2025-11-15 20:18:24,920 - httpx - INFO - HTTP Request: POST https://api.telegram.org/bot7883127668:AAE8xY8dvBtL0lKj8o07x8Q3TMkebnNh4E0/getUpdates "HTTP/1.1 200 OK"
2025-11-15 20:18:34,944 - httpx - INFO - HTTP Request: POST https://api.telegram.org/bot7883127668:AAE8xY8dvBtL0lKj8o07x8Q3TMkebnNh4E0/getUpdates "HTTP/1.1 200 OK"
2025-11-15 20:18:44,969 - httpx - INFO - HTTP Request: POST https://api.telegram.org/bot7883127668:AAE8xY8dvBtL0lKj8o07x8Q3TMkebnNh4E0/getUpdates "HTTP/1.1 200 OK"
2025-11-15 20:18:54,994 - httpx - INFO - HTTP Request: POST https://api.telegram.org/bot7883127668:AAE8xY8dvBtL0lKj8o07x8Q3TMkebnNh4E0/getUpdates "HTTP/1.1 200 OK"
2025-11-15 20:19:05,020 - httpx - INFO - HTTP Request: POST https://api.telegram.org/bot7883127668:AAE8xY8dvBtL0lKj8o07x8Q3TMkebnNh4E0/getUpdates "HTTP/1.1 200 OK"
2025-11-15 20:19:15,045 - httpx - INFO - HTTP Request: POST https://api.telegram.org/bot7883127668:AAE8xY8dvBtL0lKj8o07x8Q3TMkebnNh4E0/getUpdates "HTTP/1.1 200 OK"
2025-11-15 20:19:25,069 - httpx - INFO - HTTP Request: POST https://api.telegram.org/bot7883127668:AAE8xY8dvBtL0lKj8o07x8Q3TMkebnNh4E0/getUpdates "HTTP/1.1 200 OK"
2025-11-15 20:19:35,093 - httpx - INFO - HTTP Request: POST https://api.telegram.org/bot7883127668:AAE8xY8dvBtL0lKj8o07x8Q3TMkebnNh4E0/getUpdates "HTTP/1.1 200 OK"
